[2023-05-22 17:32:17] START
[2023-05-22 17:43:15] EDIT CRAM/views/default/index.html: 0
[2023-05-22 17:44:03] EDIT CRAM/views/default/index.html: 0
[2023-05-22 17:45:31] EDIT CRAM/views/default/index.html: 0
[2023-05-22 17:46:14] EDIT CRAM/views/default/index.html: 0
[2023-05-24 17:39:05] EDIT CRAM/views/default/index.html: 0
[2023-05-24 17:43:38] EDIT CRAM/views/default/index.html: 0
[2023-05-24 17:45:05] EDIT CRAM/views/default/index.html: 1
[2023-05-24 17:48:05] EDIT CRAM/views/default/index.html: 0
[2023-05-24 17:50:36] EDIT CRAM/views/default/index.html: -38
[2023-05-24 17:51:38] EDIT CRAM/views/default/index.html: 7
[2023-05-24 17:59:04] EDIT CRAM/views/default/index.html: 6
[2023-05-24 18:08:10] CREATE restaurant: 0
[2023-05-24 18:09:12] CREATE CRAMAboutUs: 0
[2023-05-24 18:10:03] EDIT CRAM/static/CRAMAboutUs: 40
[2023-05-24 18:10:39] EDIT CRAM/views/default/index.html: 0
[2023-05-24 18:14:20] EDIT CRAM/views/default/index.html: 10
[2023-05-24 18:15:57] EDIT CRAM/views/default/index.html: 0
[2023-05-24 18:17:57] EDIT CRAM/views/default/index.html: 0
[2023-05-24 18:19:23] EDIT CRAM/views/default/index.html: 0
[2023-05-24 18:26:07] EDIT CRAM/views/default/index.html: 3
[2023-05-24 18:33:10] EDIT CRAM/views/default/index.html: 0
[2023-05-24 18:34:44] EDIT CRAM/views/default/index.html: 0
[2023-05-24 18:38:57] EDIT CRAM/views/default/index.html: 0
[2023-05-24 18:39:25] EDIT CRAM/views/default/index.html: 0
[2023-05-24 18:40:06] EDIT CRAM/views/default/index.html: 0
[2023-05-24 18:41:07] EDIT CRAM/views/default/index.html: 0
[2023-05-24 18:42:27] EDIT CRAM/views/default/index.html: 0
[2023-05-24 18:43:53] EDIT CRAM/views/default/index.html: 0
[2023-05-24 18:45:38] EDIT CRAM/views/default/index.html: 0
[2023-05-24 19:00:27] EDIT CRAM/views/default/index.html: 0
[2023-05-24 19:02:10] EDIT CRAM/views/default/index.html: 0
[2023-05-24 19:02:59] EDIT CRAM/views/default/index.html: 0
[2023-05-24 19:05:41] EDIT CRAM/views/default/index.html: 0
[2023-05-24 19:08:21] EDIT CRAM/views/default/index.html: 0
[2023-05-24 19:08:59] EDIT CRAM/views/default/index.html: 0
[2023-05-24 19:11:32] EDIT CRAM/views/default/index.html: 0
[2023-05-24 19:11:53] EDIT CRAM/views/default/index.html: 0
[2023-05-24 19:19:24] EDIT CRAM/views/default/index.html: 0
[2023-05-24 19:21:38] EDIT CRAM/views/default/index.html: 0
[2023-05-24 19:24:43] EDIT CRAM/views/default/index.html: 0
[2023-05-24 19:25:35] EDIT CRAM/views/default/index.html: 0
[2023-05-24 19:26:48] EDIT CRAM/views/default/index.html: 0
[2023-05-24 19:29:57] EDIT CRAM/views/default/index.html: 0
[2023-05-24 19:35:51] EDIT CRAM/views/default/index.html: 0
[2023-05-24 19:37:19] EDIT CRAM/views/default/index.html: 0
[2023-05-24 19:37:33] EDIT CRAM/views/default/index.html: 0
[2023-05-24 19:39:52] EDIT CRAM/views/default/index.html: 0
[2023-05-24 19:43:38] EDIT CRAM/views/default/index.html: 0
[2023-05-24 19:44:26] EDIT CRAM/views/default/index.html: 0
[2023-05-24 19:45:54] EDIT CRAM/views/default/index.html: 0
[2023-05-24 19:46:50] EDIT CRAM/views/default/index.html: 0
[2023-05-24 19:47:55] EDIT CRAM/views/default/index.html: 0
[2023-05-24 19:48:46] EDIT CRAM/views/default/index.html: 0
[2023-05-24 19:50:47] EDIT CRAM/views/default/index.html: 2
[2023-05-24 19:51:34] EDIT CRAM/views/default/index.html: 0
[2023-05-24 19:53:30] EDIT CRAM/views/default/index.html: 0
[2023-05-24 19:57:30] EDIT CRAM/views/default/index.html: 0
[2023-05-24 19:59:07] EDIT CRAM/views/default/index.html: 0
[2023-05-24 20:04:38] EDIT CRAM/views/default/index.html: 0
[2023-05-24 20:07:30] EDIT CRAM/views/default/index.html: 0
[2023-05-24 20:15:07] EDIT CRAM/views/default/index.html: 0
[2023-05-24 20:16:04] EDIT CRAM/views/default/index.html: 0
[2023-05-25 09:39:17] CREATE Russellbio.html: 0
[2023-05-25 09:39:38] EDIT CRAM/views/Russellbio.html: -2
[2023-05-25 09:40:24] EDIT CRAM/views/default/index.html: 0
[2023-05-25 09:41:02] EDIT CRAM/views/Russellbio.html: 9
[2023-05-25 09:42:51] EDIT CRAM/views/default/index.html: 0
[2023-05-25 09:43:28] EDIT CRAM/views/default/index.html: 0
[2023-05-25 09:44:36] EDIT CRAM/views/default/index.html: 0
[2023-05-25 09:45:24] EDIT CRAM/views/default/index.html: 0
[2023-05-25 09:45:54] EDIT CRAM/views/default/index.html: 0
[2023-05-25 09:46:21] EDIT CRAM/views/default/index.html: 0
[2023-05-25 09:47:07] EDIT CRAM/views/default/index.html: 0
[2023-05-25 09:47:28] EDIT CRAM/views/default/index.html: 0
[2023-05-25 09:48:15] EDIT CRAM/views/default/index.html: 0
[2023-05-25 09:49:09] EDIT CRAM/views/default/index.html: 0
[2023-05-25 09:57:49] EDIT CRAM/views/Russellbio.html: 0
[2023-05-25 09:59:27] CREATE Aboutus.html: 0
[2023-05-25 09:59:50] EDIT CRAM/views/default/index.html: 0
[2023-05-25 10:00:17] EDIT CRAM/views/Aboutus.html: 34
[2023-05-25 10:00:33] EDIT CRAM/views/Aboutus.html: 0
[2023-05-25 10:05:06] EDIT CRAM/views/Russellbio.html: 0
[2023-05-25 10:05:59] EDIT CRAM/views/default/index.html: -27
[2023-05-25 10:07:09] EDIT CRAM/views/default/index.html: 16
[2023-05-25 10:07:49] EDIT CRAM/views/default/index.html: 0
[2023-05-25 10:09:24] EDIT CRAM/views/default/index.html: 0
[2023-05-25 10:10:03] EDIT CRAM/views/default/index.html: 0
[2023-05-25 10:11:15] EDIT CRAM/views/default/index.html: 0
[2023-05-25 10:12:04] EDIT CRAM/views/default/index.html: 0
[2023-05-25 10:12:41] EDIT CRAM/views/default/index.html: 0
[2023-05-25 10:13:12] EDIT CRAM/views/default/index.html: 0
[2023-05-25 10:13:51] EDIT CRAM/views/default/index.html: 0
[2023-05-25 10:16:58] EDIT CRAM/views/Aboutus.html: 0
[2023-05-25 10:18:09] EDIT CRAM/views/default/index.html: 0
[2023-05-25 10:19:00] EDIT CRAM/views/Aboutus.html: 0
[2023-05-25 10:21:11] EDIT CRAM/views/default/index.html: 0
[2023-05-25 10:25:54] EDIT CRAM/views/default/index.html: 0
[2023-05-25 10:26:29] EDIT CRAM/views/default/index.html: 0
[2023-05-25 10:29:49] EDIT CRAM/views/default/index.html: 0
[2023-05-25 10:31:39] EDIT CRAM/views/default/index.html: 0
[2023-05-25 10:33:33] EDIT CRAM/views/default/index.html: -1
[2023-05-25 10:34:26] EDIT CRAM/views/default/index.html: 1
[2023-05-25 10:45:18] CREATE Toddbio.html: 0
[2023-05-25 10:45:40] CREATE Paulbio.html: 0
[2023-05-25 10:45:54] CREATE Eugenebio.html: 0
[2023-05-25 10:46:49] EDIT CRAM/views/default/index.html: 0
[2023-05-25 10:47:12] EDIT CRAM/views/Russellbio.html: 16
[2023-05-25 10:47:33] EDIT CRAM/views/Eugenebio.html: 23
[2023-05-25 10:47:52] EDIT CRAM/views/Paulbio.html: 23
[2023-05-25 10:48:09] EDIT CRAM/views/Toddbio.html: 23
[2023-05-25 17:40:35] EDIT CRAM/views/Eugenebio.html: 0
[2023-05-25 17:58:07] EDIT CRAM/views/Eugenebio.html: 0
[2023-05-25 17:59:51] EDIT CRAM/views/default/index.html: 0
[2023-05-25 18:00:58] CREATE view_data.py: 0
[2023-05-25 18:01:28] CREATE view_data/index.html: 0
[2023-05-25 18:01:53] CREATE view_data/authenticate.html: 0
[2023-05-25 18:04:58] EDIT CRAM/views/view_data/index.html: 3
[2023-05-25 18:15:39] EDIT CRAM/views/view_data/index.html: 0
[2023-05-25 18:19:26] EDIT CRAM/views/view_data/index.html: 0
[2023-05-25 18:41:50] EDIT CRAM/views/default/user.html: 0
[2023-05-25 18:44:50] EDIT CRAM/views/default/user.html: 0
[2023-05-25 19:17:31] EDIT CRAM/views/view_data/index.html: 0
[2023-05-27 14:06:28] EDIT CRAM/views/view_data/index.html: 78
[2023-05-27 14:07:46] EDIT CRAM/views/default/index.html: 0
[2023-05-27 14:08:04] EDIT CRAM/views/Russellbio.html: 0
[2023-05-27 14:08:41] EDIT CRAM/views/default/index.html: 58
[2023-05-27 14:11:33] EDIT CRAM/views/default/index.html: 0
